<?xml version="1.0" encoding="UTF-8"?>
<!-- Generated by org.testng.reporters.JUnitReportReporter -->
<testsuite hostname="Rama" failures="0" tests="1" name="com.appium.Scroll" time="45.664" errors="0" timestamp="08 Sep 2021 08:08:55 GMT" skipped="0">
  <testcase classname="com.appium.Scroll" name="scrollToElement" time="45.664"/>
</testsuite> <!-- com.appium.Scroll -->
