<?xml version="1.0" encoding="UTF-8"?>
<!-- Generated by org.testng.reporters.JUnitReportReporter -->
<testsuite hostname="Rama" failures="0" tests="1" name="com.appium.Zoom" time="24.173" errors="0" timestamp="08 Sep 2021 10:08:13 GMT" skipped="0">
  <testcase classname="com.appium.Zoom" name="dragandrop" time="24.173"/>
</testsuite> <!-- com.appium.Zoom -->
