<?xml version="1.0" encoding="UTF-8"?>
<!-- Generated by org.testng.reporters.JUnitReportReporter -->
<testsuite hostname="Rama" failures="0" tests="1" name="com.webdDiverMethods.ToastMessage" time="22.264" errors="0" timestamp="2021-11-30T13:23:26 IST" skipped="0">
  <testcase classname="com.webdDiverMethods.ToastMessage" name="networkconnectioToastmsg" time="22.264"/>
  <system-out/>
</testsuite> <!-- com.webdDiverMethods.ToastMessage -->
