<?xml version="1.0" encoding="UTF-8"?>
<!-- Generated by org.testng.reporters.JUnitReportReporter -->
<testsuite hostname="Rama" failures="0" tests="1" name="com.appium.AppInstall" time="31.643" errors="0" timestamp="07 Sep 2021 11:56:53 GMT" skipped="0">
  <testcase classname="com.appium.AppInstall" name="launchcal" time="31.643"/>
</testsuite> <!-- com.appium.AppInstall -->
