<?xml version="1.0" encoding="UTF-8"?>
<!-- Generated by org.testng.reporters.JUnitReportReporter -->
<testsuite hostname="Rama" failures="0" tests="1" name="com.appium.PrintAllElements" time="37.754" errors="0" timestamp="11 Sep 2021 06:45:47 GMT" skipped="0">
  <testcase classname="com.appium.PrintAllElements" name="apiDemos" time="37.754"/>
</testsuite> <!-- com.appium.PrintAllElements -->
