<?xml version="1.0" encoding="UTF-8"?>
<!-- Generated by org.testng.reporters.JUnitReportReporter -->
<testsuite hostname="Rama" failures="0" tests="1" name="com.webdDiverMethods.NetworkConnection" time="28.769" errors="1" timestamp="08 Sep 2021 11:44:46 GMT" skipped="0">
  <testcase classname="com.webdDiverMethods.NetworkConnection" name="networkconnection" time="28.769">
    <error message="An unknown server-side error occurred while processing the command. Original error: Error executing adbExec. Original error: &#039;Command &#039;C:\\Users\\Rama\\AppData\\Local\\Android\\Sdk\\platform-tools\\adb.exe -P 5037 -s IFMRAE4HIJHYR4G6 shell am broadcast -a android.intent.action.AIRPLANE_MODE --ez state true&#039; exited with code 255&#039;; Stderr: &#039;Security exception: Permission Denial: not allowed to send broadcast android.intent.action.AIRPLANE_MODE from pid=2007, uid=2000

java.lang.SecurityException: Permission Denial: not allowed to send broadcast android.intent.action.AIRPLANE_MODE from pid=2007, uid=2000
	at com.android.server.am.ActivityManagerService.broadcastIntentLocked(ActivityManagerService.java:22412)
	at com.android.server.am.ActivityManagerService.broadcastIntent(ActivityManagerService.java:23146)
	at com.android.server.am.ActivityManagerShellCommand.runSendBroadcast(ActivityManagerShellCommand.java:645)
	at com.android.server.am.ActivityManagerShellCommand.onCommand(ActivityManagerShellCommand.java:163)
	at android.os.ShellCommand.exec(ShellCommand.java:96)
	at com.android.server.am.ActivityManagerService.onShellCommand(ActivityManagerService.java:17896)
	at android.os.Binder.shellCommand(Binder.java:602)
	at android.os.Binder.onTransact(Binder.java:493)
	at android.app.IActivityManager$Stub.onTransact(IActivityManager.java:4481)
	at com.android.server.am.ActivityManagerService.onTransact(ActivityManagerService.java:3539)
	at android.os.Binder.execTransact(Binder.java:715)&#039;; Code: &#039;255&#039; (WARNING: The server did not provide any stacktrace information)
Command duration or timeout: 1.53 seconds
Build info: version: &#039;2.53.1&#039;, revision: &#039;a36b8b1cd5757287168e54b817830adce9b0158d&#039;, time: &#039;2016-06-30 19:26:09&#039;
System info: host: &#039;Rama&#039;, ip: &#039;192.168.65.1&#039;, os.name: &#039;Windows 10&#039;, os.arch: &#039;amd64&#039;, os.version: &#039;10.0&#039;, java.version: &#039;15.0.2&#039;
Driver info: io.appium.java_client.android.AndroidDriver
Capabilities [{appPackage=com.androidsample.generalstore, statBarHeight=64, viewportRect={top=64, left=0, width=720, height=1372}, deviceName=IFMRAE4HIJHYR4G6, UDID=IFMRAE4HIJHYR4G6, platform=LINUX, deviceUDID=IFMRAE4HIJHYR4G6, desired={app=C:\Users\Rama\Downloads\General-Store.apk, platformVersion=8.1.0, automationName=appium, platformName=Android, deviceName=vivo 1820, UDID=IFMRAE4HIJHYR4G6}, platformVersion=8.1.0, webStorageEnabled=false, automationName=appium, takesScreenshot=true, javascriptEnabled=true, platformName=Android, deviceApiLevel=27, deviceManufacturer=vivo, app=C:\Users\Rama\Downloads\General-Store.apk, deviceScreenSize=720x1520, networkConnectionEnabled=true, warnings={}, databaseEnabled=false, pixelRatio=2, locationContextEnabled=false, deviceScreenDensity=320, deviceModel=vivo 1820}]
Session ID: 99f95554-ac1b-4bbf-b003-b3eb892144a5" type="org.openqa.selenium.WebDriverException">
      <![CDATA[org.openqa.selenium.WebDriverException: An unknown server-side error occurred while processing the command. Original error: Error executing adbExec. Original error: 'Command 'C:\\Users\\Rama\\AppData\\Local\\Android\\Sdk\\platform-tools\\adb.exe -P 5037 -s IFMRAE4HIJHYR4G6 shell am broadcast -a android.intent.action.AIRPLANE_MODE --ez state true' exited with code 255'; Stderr: 'Security exception: Permission Denial: not allowed to send broadcast android.intent.action.AIRPLANE_MODE from pid=2007, uid=2000

java.lang.SecurityException: Permission Denial: not allowed to send broadcast android.intent.action.AIRPLANE_MODE from pid=2007, uid=2000
at com.android.server.am.ActivityManagerService.broadcastIntentLocked(ActivityManagerService.java:22412)
at com.android.server.am.ActivityManagerService.broadcastIntent(ActivityManagerService.java:23146)
at com.android.server.am.ActivityManagerShellCommand.runSendBroadcast(ActivityManagerShellCommand.java:645)
at com.android.server.am.ActivityManagerShellCommand.onCommand(ActivityManagerShellCommand.java:163)
at android.os.ShellCommand.exec(ShellCommand.java:96)
at com.android.server.am.ActivityManagerService.onShellCommand(ActivityManagerService.java:17896)
at android.os.Binder.shellCommand(Binder.java:602)
at android.os.Binder.onTransact(Binder.java:493)
at android.app.IActivityManager$Stub.onTransact(IActivityManager.java:4481)
at com.android.server.am.ActivityManagerService.onTransact(ActivityManagerService.java:3539)
at android.os.Binder.execTransact(Binder.java:715)'; Code: '255' (WARNING: The server did not provide any stacktrace information)
Command duration or timeout: 1.53 seconds
Build info: version: '2.53.1', revision: 'a36b8b1cd5757287168e54b817830adce9b0158d', time: '2016-06-30 19:26:09'
System info: host: 'Rama', ip: '192.168.65.1', os.name: 'Windows 10', os.arch: 'amd64', os.version: '10.0', java.version: '15.0.2'
Driver info: io.appium.java_client.android.AndroidDriver
Capabilities [{appPackage=com.androidsample.generalstore, statBarHeight=64, viewportRect={top=64, left=0, width=720, height=1372}, deviceName=IFMRAE4HIJHYR4G6, UDID=IFMRAE4HIJHYR4G6, platform=LINUX, deviceUDID=IFMRAE4HIJHYR4G6, desired={app=C:\Users\Rama\Downloads\General-Store.apk, platformVersion=8.1.0, automationName=appium, platformName=Android, deviceName=vivo 1820, UDID=IFMRAE4HIJHYR4G6}, platformVersion=8.1.0, webStorageEnabled=false, automationName=appium, takesScreenshot=true, javascriptEnabled=true, platformName=Android, deviceApiLevel=27, deviceManufacturer=vivo, app=C:\Users\Rama\Downloads\General-Store.apk, deviceScreenSize=720x1520, networkConnectionEnabled=true, warnings={}, databaseEnabled=false, pixelRatio=2, locationContextEnabled=false, deviceScreenDensity=320, deviceModel=vivo 1820}]
Session ID: 99f95554-ac1b-4bbf-b003-b3eb892144a5
at java.base/jdk.internal.reflect.NativeConstructorAccessorImpl.newInstance0(Native Method)
at java.base/jdk.internal.reflect.NativeConstructorAccessorImpl.newInstance(NativeConstructorAccessorImpl.java:64)
at java.base/jdk.internal.reflect.DelegatingConstructorAccessorImpl.newInstance(DelegatingConstructorAccessorImpl.java:45)
at java.base/java.lang.reflect.Constructor.newInstanceWithCaller(Constructor.java:500)
at java.base/java.lang.reflect.Constructor.newInstance(Constructor.java:481)
at org.openqa.selenium.remote.ErrorHandler.createThrowable(ErrorHandler.java:206)
at org.openqa.selenium.remote.ErrorHandler.throwIfResponseFailed(ErrorHandler.java:158)
at org.openqa.selenium.remote.RemoteWebDriver.execute(RemoteWebDriver.java:678)
at io.appium.java_client.DefaultGenericMobileDriver.execute(DefaultGenericMobileDriver.java:40)
at io.appium.java_client.AppiumDriver.execute(AppiumDriver.java:1)
at io.appium.java_client.android.AndroidDriver.execute(AndroidDriver.java:1)
at io.appium.java_client.CommandExecutionHelper.execute(CommandExecutionHelper.java:32)
at io.appium.java_client.android.AndroidDriver.setConnection(AndroidDriver.java:230)
at com.webdDiverMethods.NetworkConnection.networkconnection(NetworkConnection.java:39)
at java.base/jdk.internal.reflect.NativeMethodAccessorImpl.invoke0(Native Method)
at java.base/jdk.internal.reflect.NativeMethodAccessorImpl.invoke(NativeMethodAccessorImpl.java:64)
at java.base/jdk.internal.reflect.DelegatingMethodAccessorImpl.invoke(DelegatingMethodAccessorImpl.java:43)
at java.base/java.lang.reflect.Method.invoke(Method.java:564)
at org.testng.internal.MethodInvocationHelper.invokeMethod(MethodInvocationHelper.java:124)
at org.testng.internal.Invoker.invokeMethod(Invoker.java:583)
at org.testng.internal.Invoker.invokeTestMethod(Invoker.java:719)
at org.testng.internal.Invoker.invokeTestMethods(Invoker.java:989)
at org.testng.internal.TestMethodWorker.invokeTestMethods(TestMethodWorker.java:125)
at org.testng.internal.TestMethodWorker.run(TestMethodWorker.java:109)
at org.testng.TestRunner.privateRun(TestRunner.java:648)
at org.testng.TestRunner.run(TestRunner.java:505)
at org.testng.SuiteRunner.runTest(SuiteRunner.java:455)
at org.testng.SuiteRunner.runSequentially(SuiteRunner.java:450)
at org.testng.SuiteRunner.privateRun(SuiteRunner.java:415)
at org.testng.SuiteRunner.run(SuiteRunner.java:364)
at org.testng.SuiteRunnerWorker.runSuite(SuiteRunnerWorker.java:52)
at org.testng.SuiteRunnerWorker.run(SuiteRunnerWorker.java:84)
at org.testng.TestNG.runSuitesSequentially(TestNG.java:1208)
at org.testng.TestNG.runSuitesLocally(TestNG.java:1137)
at org.testng.TestNG.runSuites(TestNG.java:1049)
at org.testng.TestNG.run(TestNG.java:1017)
at org.testng.remote.AbstractRemoteTestNG.run(AbstractRemoteTestNG.java:115)
at org.testng.remote.RemoteTestNG.initAndRun(RemoteTestNG.java:251)
at org.testng.remote.RemoteTestNG.main(RemoteTestNG.java:77)
]]>
    </error>
  </testcase> <!-- networkconnection -->
</testsuite> <!-- com.webdDiverMethods.NetworkConnection -->
