<?xml version="1.0" encoding="UTF-8"?>
<!-- Generated by org.testng.reporters.JUnitReportReporter -->
<testsuite hostname="Rama" failures="0" tests="1" name="com.appium.StatusOfCheckBox" time="45.800" errors="0" timestamp="07 Sep 2021 17:16:19 GMT" skipped="0">
  <testcase classname="com.appium.StatusOfCheckBox" name="checkTheStatus" time="45.800"/>
</testsuite> <!-- com.appium.StatusOfCheckBox -->
