<?xml version="1.0" encoding="UTF-8"?>
<!-- Generated by org.testng.reporters.JUnitReportReporter -->
<testsuite hostname="Rama" failures="0" tests="1" name="com.webdDiverMethods.RunAppInBackground" time="49.559" errors="0" timestamp="08 Sep 2021 11:32:10 GMT" skipped="0">
  <testcase classname="com.webdDiverMethods.RunAppInBackground" name="runappinbackground" time="49.559"/>
</testsuite> <!-- com.webdDiverMethods.RunAppInBackground -->
