<?xml version="1.0" encoding="UTF-8"?>
<!-- Generated by org.testng.reporters.JUnitReportReporter -->
<testsuite hostname="Rama" failures="0" tests="1" name="com.appium.APIDemos" time="48.157" errors="0" timestamp="08 Sep 2021 06:37:28 GMT" skipped="0">
  <testcase classname="com.appium.APIDemos" name="toPrintAllEle" time="48.157"/>
</testsuite> <!-- com.appium.APIDemos -->
