<?xml version="1.0" encoding="UTF-8"?>
<!-- Generated by org.testng.reporters.JUnitReportReporter -->
<testsuite hostname="Rama" failures="0" tests="1" name="com.appium.UninstallApp" time="46.668" errors="0" timestamp="08 Sep 2021 08:22:21 GMT" skipped="0">
  <testcase classname="com.appium.UninstallApp" name="scrollToElement" time="46.668"/>
</testsuite> <!-- com.appium.UninstallApp -->
