<?xml version="1.0" encoding="UTF-8"?>
<!-- Generated by org.testng.reporters.JUnitReportReporter -->
<testsuite hostname="Rama" failures="0" tests="1" name="com.web.TakesScreenshot1" time="21.655" errors="0" timestamp="2021-09-13T12:08:09 IST" skipped="0">
  <testcase classname="com.web.TakesScreenshot1" name="takeScreenshot" time="21.655"/>
  <system-out/>
</testsuite> <!-- com.web.TakesScreenshot1 -->
