<?xml version="1.0" encoding="UTF-8"?>
<!-- Generated by org.testng.reporters.JUnitReportReporter -->
<testsuite hostname="Rama" failures="0" tests="1" name="com.appium.DragAndDrop" time="46.127" errors="0" timestamp="11 Sep 2021 06:07:03 GMT" skipped="0">
  <testcase classname="com.appium.DragAndDrop" name="dragandrop" time="46.127"/>
</testsuite> <!-- com.appium.DragAndDrop -->
