<?xml version="1.0" encoding="UTF-8"?>
<!-- Generated by org.testng.reporters.JUnitReportReporter -->
<testsuite hostname="Rama" failures="0" tests="1" name="com.appium.AddNum" time="29.535" errors="0" timestamp="2021-11-18T12:05:06 IST" skipped="0">
  <testcase classname="com.appium.AddNum" name="launchcal" time="29.535"/>
  <system-out/>
</testsuite> <!-- com.appium.AddNum -->
