<?xml version="1.0" encoding="UTF-8"?>
<!-- Generated by org.testng.reporters.JUnitReportReporter -->
<testsuite hostname="Rama" failures="0" tests="1" name="com.webdDiverMethods.Notification" time="43.263" errors="0" timestamp="08 Sep 2021 10:58:29 GMT" skipped="0">
  <testcase classname="com.webdDiverMethods.Notification" name="notification" time="43.263"/>
</testsuite> <!-- com.webdDiverMethods.Notification -->
