<?xml version="1.0" encoding="UTF-8"?>
<!-- Generated by org.testng.reporters.JUnitReportReporter -->
<testsuite hostname="Rama" failures="0" tests="1" name="com.appium.SelectAndSave" time="44.777" errors="0" timestamp="07 Sep 2021 16:53:15 GMT" skipped="0">
  <testcase classname="com.appium.SelectAndSave" name="selectAndSave" time="44.777"/>
</testsuite> <!-- com.appium.SelectAndSave -->
