<?xml version="1.0" encoding="UTF-8"?>
<!-- Generated by org.testng.reporters.JUnitReportReporter -->
<testsuite hostname="Rama" failures="0" tests="1" name="com.appium.LaunchCalculator" time="18.460" errors="0" timestamp="07 Sep 2021 10:10:54 GMT" skipped="0">
  <testcase classname="com.appium.LaunchCalculator" name="launchcal" time="18.460"/>
</testsuite> <!-- com.appium.LaunchCalculator -->
