<?xml version="1.0" encoding="UTF-8"?>
<!-- Generated by org.testng.reporters.JUnitReportReporter -->
<testsuite hostname="Rama" failures="0" tests="1" name="com.wishyourhealthtest.Cingari" time="44.637" errors="0" timestamp="2021-11-23T17:22:43 IST" skipped="0">
  <testcase classname="com.wishyourhealthtest.Cingari" name="scen2" time="44.637"/>
  <system-out/>
</testsuite> <!-- com.wishyourhealthtest.Cingari -->
