<?xml version="1.0" encoding="UTF-8"?>
<!-- Generated by org.testng.reporters.JUnitReportReporter -->
<testsuite hostname="Rama" failures="0" tests="1" name="com.webdDiverMethods.SwitchApp" time="51.454" errors="0" timestamp="08 Sep 2021 11:43:11 GMT" skipped="0">
  <testcase classname="com.webdDiverMethods.SwitchApp" name="runappinbackground" time="51.454"/>
</testsuite> <!-- com.webdDiverMethods.SwitchApp -->
