<?xml version="1.0" encoding="UTF-8"?>
<!-- Generated by org.testng.reporters.JUnitReportReporter -->
<testsuite hostname="Rama" failures="0" tests="1" name="com.appium.TapAction" time="37.788" errors="0" timestamp="08 Sep 2021 06:22:45 GMT" skipped="0">
  <testcase classname="com.appium.TapAction" name="addingNoUsingTapMethod" time="37.788"/>
</testsuite> <!-- com.appium.TapAction -->
